# JRE version: Java(TM) SE Runtime Environment (8.0_161-b12) (build 1.8.0_161-b12)
# Java VM: Java HotSpot(TM) 64-Bit Server VM (25.161-b12 mixed mode windows-amd64 compressed oops)
Heap:
 PSYoungGen      total 242688K, used 227308K [0x000000076b700000, 0x000000077d400000, 0x00000007c0000000)
  eden space 230400K, 93% used [0x000000076b700000,0x00000007788fb990,0x0000000779800000)
  from space 12288K, 99% used [0x000000077c800000,0x000000077d3ff6d0,0x000000077d400000)
  to   space 14336K, 0% used [0x000000077b800000,0x000000077b800000,0x000000077c600000)
 ParOldGen       total 151040K, used 17763K [0x00000006c2400000, 0x00000006cb780000, 0x000000076b700000)
  object space 151040K, 11% used [0x00000006c2400000,0x00000006c3558f50,0x00000006cb780000)
 Metaspace       used 53033K, capacity 55900K, committed 56064K, reserved 1097728K
  class space    used 7103K, capacity 7614K, committed 7680K, reserved 1048576K
GC Heap History (10 events):
Event: 9.092 GC heap before
{Heap before GC invocations=8 (full 1):
 PSYoungGen      total 119296K, used 115109K [0x000000076b700000, 0x0000000773500000, 0x00000007c0000000)
  eden space 109568K, 100% used [0x000000076b700000,0x0000000772200000,0x0000000772200000)
  from space 9728K, 56% used [0x0000000772b80000,0x00000007730e95c8,0x0000000773500000)
  to   space 9728K, 0% used [0x0000000772200000,0x0000000772200000,0x0000000772b80000)
 ParOldGen       total 90112K, used 6514K [0x00000006c2400000, 0x00000006c7c00000, 0x000000076b700000)
  object space 90112K, 7% used [0x00000006c2400000,0x00000006c2a5ca60,0x00000006c7c00000)
 Metaspace       used 27199K, capacity 28362K, committed 28544K, reserved 1073152K
  class space    used 3705K, capacity 3945K, committed 3968K, reserved 1048576K
Event: 9.119 GC heap after
Heap after GC invocations=8 (full 1):
 PSYoungGen      total 119296K, used 9711K [0x000000076b700000, 0x0000000778580000, 0x00000007c0000000)
  eden space 109568K, 0% used [0x000000076b700000,0x000000076b700000,0x0000000772200000)
  from space 9728K, 99% used [0x0000000772200000,0x0000000772b7be60,0x0000000772b80000)
  to   space 11264K, 0% used [0x0000000777a80000,0x0000000777a80000,0x0000000778580000)
 ParOldGen       total 90112K, used 6879K [0x00000006c2400000, 0x00000006c7c00000, 0x000000076b700000)
  object space 90112K, 7% used [0x00000006c2400000,0x00000006c2ab7dd8,0x00000006c7c00000)
 Metaspace       used 27199K, capacity 28362K, committed 28544K, reserved 1073152K
  class space    used 3705K, capacity 3945K, committed 3968K, reserved 1048576K
}
Event: 10.546 GC heap before
{Heap before GC invocations=9 (full 1):
 PSYoungGen      total 119296K, used 119279K [0x000000076b700000, 0x0000000778580000, 0x00000007c0000000)
  eden space 109568K, 100% used [0x000000076b700000,0x0000000772200000,0x0000000772200000)
  from space 9728K, 99% used [0x0000000772200000,0x0000000772b7be60,0x0000000772b80000)
  to   space 11264K, 0% used [0x0000000777a80000,0x0000000777a80000,0x0000000778580000)
 ParOldGen       total 90112K, used 6879K [0x00000006c2400000, 0x00000006c7c00000, 0x000000076b700000)
  object space 90112K, 7% used [0x00000006c2400000,0x00000006c2ab7dd8,0x00000006c7c00000)
 Metaspace       used 31442K, capacity 33228K, committed 33280K, reserved 1077248K
  class space    used 4223K, capacity 4580K, committed 4608K, reserved 1048576K
Event: 10.562 GC heap after
Heap after GC invocations=9 (full 1):
 PSYoungGen      total 198656K, used 11246K [0x000000076b700000, 0x0000000778600000, 0x00000007c0000000)
  eden space 187392K, 0% used [0x000000076b700000,0x000000076b700000,0x0000000776e00000)
  from space 11264K, 99% used [0x0000000777a80000,0x000000077857b988,0x0000000778580000)
  to   space 12288K, 0% used [0x0000000776e00000,0x0000000776e00000,0x0000000777a00000)
 ParOldGen       total 90112K, used 6918K [0x00000006c2400000, 0x00000006c7c00000, 0x000000076b700000)
  object space 90112K, 7% used [0x00000006c2400000,0x00000006c2ac1810,0x00000006c7c00000)
 Metaspace       used 31442K, capacity 33228K, committed 33280K, reserved 1077248K
  class space    used 4223K, capacity 4580K, committed 4608K, reserved 1048576K
}
Event: 11.407 GC heap before
{Heap before GC invocations=10 (full 1):
 PSYoungGen      total 198656K, used 64330K [0x000000076b700000, 0x0000000778600000, 0x00000007c0000000)
  eden space 187392K, 28% used [0x000000076b700000,0x000000076ead7220,0x0000000776e00000)
  from space 11264K, 99% used [0x0000000777a80000,0x000000077857b988,0x0000000778580000)
  to   space 12288K, 0% used [0x0000000776e00000,0x0000000776e00000,0x0000000777a00000)
 ParOldGen       total 90112K, used 6918K [0x00000006c2400000, 0x00000006c7c00000, 0x000000076b700000)
  object space 90112K, 7% used [0x00000006c2400000,0x00000006c2ac1810,0x00000006c7c00000)
 Metaspace       used 33505K, capacity 35300K, committed 35456K, reserved 1079296K
  class space    used 4522K, capacity 4872K, committed 4992K, reserved 1048576K
Event: 11.418 GC heap after
Heap after GC invocations=10 (full 1):
 PSYoungGen      total 199680K, used 8722K [0x000000076b700000, 0x000000077d400000, 0x00000007c0000000)
  eden space 187392K, 0% used [0x000000076b700000,0x000000076b700000,0x0000000776e00000)
  from space 12288K, 70% used [0x0000000776e00000,0x0000000777684ad8,0x0000000777a00000)
  to   space 12288K, 0% used [0x000000077c800000,0x000000077c800000,0x000000077d400000)
 ParOldGen       total 90112K, used 9628K [0x00000006c2400000, 0x00000006c7c00000, 0x000000076b700000)
  object space 90112K, 10% used [0x00000006c2400000,0x00000006c2d670d0,0x00000006c7c00000)
 Metaspace       used 33505K, capacity 35300K, committed 35456K, reserved 1079296K
  class space    used 4522K, capacity 4872K, committed 4992K, reserved 1048576K
}
Event: 11.419 GC heap before
{Heap before GC invocations=11 (full 2):
 PSYoungGen      total 199680K, used 8722K [0x000000076b700000, 0x000000077d400000, 0x00000007c0000000)
  eden space 187392K, 0% used [0x000000076b700000,0x000000076b700000,0x0000000776e00000)
  from space 12288K, 70% used [0x0000000776e00000,0x0000000777684ad8,0x0000000777a00000)
  to   space 12288K, 0% used [0x000000077c800000,0x000000077c800000,0x000000077d400000)
 ParOldGen       total 90112K, used 9628K [0x00000006c2400000, 0x00000006c7c00000, 0x000000076b700000)
  object space 90112K, 10% used [0x00000006c2400000,0x00000006c2d670d0,0x00000006c7c00000)
 Metaspace       used 33505K, capacity 35300K, committed 35456K, reserved 1079296K
  class space    used 4522K, capacity 4872K, committed 4992K, reserved 1048576K
Event: 11.646 GC heap after
Heap after GC invocations=11 (full 2):
 PSYoungGen      total 199680K, used 0K [0x000000076b700000, 0x000000077d400000, 0x00000007c0000000)
  eden space 187392K, 0% used [0x000000076b700000,0x000000076b700000,0x0000000776e00000)
  from space 12288K, 0% used [0x0000000776e00000,0x0000000776e00000,0x0000000777a00000)
  to   space 12288K, 0% used [0x000000077c800000,0x000000077c800000,0x000000077d400000)
 ParOldGen       total 151040K, used 16349K [0x00000006c2400000, 0x00000006cb780000, 0x000000076b700000)
  object space 151040K, 10% used [0x00000006c2400000,0x00000006c33f77c0,0x00000006cb780000)
 Metaspace       used 33505K, capacity 35300K, committed 35456K, reserved 1079296K
  class space    used 4522K, capacity 4872K, committed 4992K, reserved 1048576K
}
Event: 16.187 GC heap before
{Heap before GC invocations=12 (full 2):
 PSYoungGen      total 199680K, used 187392K [0x000000076b700000, 0x000000077d400000, 0x00000007c0000000)
  eden space 187392K, 100% used [0x000000076b700000,0x0000000776e00000,0x0000000776e00000)
  from space 12288K, 0% used [0x0000000776e00000,0x0000000776e00000,0x0000000777a00000)
  to   space 12288K, 0% used [0x000000077c800000,0x000000077c800000,0x000000077d400000)
 ParOldGen       total 151040K, used 16349K [0x00000006c2400000, 0x00000006cb780000, 0x000000076b700000)
  object space 151040K, 10% used [0x00000006c2400000,0x00000006c33f77c0,0x00000006cb780000)
 Metaspace       used 43848K, capacity 46054K, committed 46208K, reserved 1089536K
  class space    used 5805K, capacity 6244K, committed 6272K, reserved 1048576K
Event: 16.223 GC heap after
Heap after GC invocations=12 (full 2):
 PSYoungGen      total 242688K, used 12285K [0x000000076b700000, 0x000000077d400000, 0x00000007c0000000)
  eden space 230400K, 0% used [0x000000076b700000,0x000000076b700000,0x0000000779800000)
  from space 12288K, 99% used [0x000000077c800000,0x000000077d3ff6d0,0x000000077d400000)
  to   space 14336K, 0% used [0x000000077b800000,0x000000077b800000,0x000000077c600000)
 ParOldGen       total 151040K, used 17763K [0x00000006c2400000, 0x00000006cb780000, 0x000000076b700000)
  object space 151040K, 11% used [0x00000006c2400000,0x00000006c3558f50,0x00000006cb780000)
 Metaspace       used 43848K, capacity 46054K, committed 46208K, reserved 1089536K
  class space    used 5805K, capacity 6244K, committed 6272K, reserved 1048576K
}

